<?xml version="1.0" encoding="UTF-8"?>
<!-- Generated by org.testng.reporters.JUnitReportReporter -->
<testsuite skipped="0" hostname="DESKTOP-A0IO5O7" name="com.actitime.testscript.CreateNewCustomer" tests="1" failures="0" timestamp="23 Feb 2021 06:28:43 GMT" time="134.387" errors="0">
  <testcase name="addUser" time="134.387" classname="com.actitime.testscript.CreateNewCustomer"/>
</testsuite> <!-- com.actitime.testscript.CreateNewCustomer -->
